Build output check failed:
    Regex: 'command line option .* is valid for .* but not for C\+\+'
    Output line: 'cc1plus: warning: command line option ‘-Wmissing-prototypes’ is valid for C/ObjC but not for C++'
Compilation failed:
    source file: '/home/pi/opencv/opencv-3.4.2/build/CMakeFiles/CMakeTmp/src.cxx'
    check option: ' -fsigned-char -W -Wall -Werror=return-type -Werror=non-virtual-dtor -Werror=address -Werror=sequence-point -Wformat -Werror=format-security -Wmissing-declarations  -Wmissing-prototypes'
===== BUILD LOG =====
Change Dir: /home/pi/opencv/opencv-3.4.2/build/CMakeFiles/CMakeTmp

Run Build Command:"/usr/bin/make" "cmTC_d9922/fast"
/usr/bin/make -f CMakeFiles/cmTC_d9922.dir/build.make CMakeFiles/cmTC_d9922.dir/build
make[1]: Entering directory '/home/pi/opencv/opencv-3.4.2/build/CMakeFiles/CMakeTmp'
Building CXX object CMakeFiles/cmTC_d9922.dir/src.cxx.o
/usr/bin/c++     -O3 -DNDEBUG -fPIE   -fsigned-char -W -Wall -Werror=return-type -Werror=non-virtual-dtor -Werror=address -Werror=sequence-point -Wformat -Werror=format-security -Wmissing-declarations -Wmissing-prototypes -o CMakeFiles/cmTC_d9922.dir/src.cxx.o -c /home/pi/opencv/opencv-3.4.2/build/CMakeFiles/CMakeTmp/src.cxx
cc1plus: warning: command line option ‘-Wmissing-prototypes’ is valid for C/ObjC but not for C++
/home/pi/opencv/opencv-3.4.2/build/CMakeFiles/CMakeTmp/src.cxx:1:0: warning: ignoring #pragma   [-Wunknown-pragmas]
 #pragma
 
Linking CXX executable cmTC_d9922
/usr/bin/cmake -E cmake_link_script CMakeFiles/cmTC_d9922.dir/link.txt --verbose=1
/usr/bin/c++     -O3 -DNDEBUG    CMakeFiles/cmTC_d9922.dir/src.cxx.o  -o cmTC_d9922 -rdynamic 
make[1]: Leaving directory '/home/pi/opencv/opencv-3.4.2/build/CMakeFiles/CMakeTmp'

===== END =====

Build output check failed:
    Regex: 'command line option .* is valid for .* but not for C\+\+'
    Output line: 'cc1plus: warning: command line option ‘-Wstrict-prototypes’ is valid for C/ObjC but not for C++'
Compilation failed:
    source file: '/home/pi/opencv/opencv-3.4.2/build/CMakeFiles/CMakeTmp/src.cxx'
    check option: ' -fsigned-char -W -Wall -Werror=return-type -Werror=non-virtual-dtor -Werror=address -Werror=sequence-point -Wformat -Werror=format-security -Wmissing-declarations  -Wstrict-prototypes'
===== BUILD LOG =====
Change Dir: /home/pi/opencv/opencv-3.4.2/build/CMakeFiles/CMakeTmp

Run Build Command:"/usr/bin/make" "cmTC_cbe79/fast"
/usr/bin/make -f CMakeFiles/cmTC_cbe79.dir/build.make CMakeFiles/cmTC_cbe79.dir/build
make[1]: Entering directory '/home/pi/opencv/opencv-3.4.2/build/CMakeFiles/CMakeTmp'
Building CXX object CMakeFiles/cmTC_cbe79.dir/src.cxx.o
/usr/bin/c++     -O3 -DNDEBUG -fPIE   -fsigned-char -W -Wall -Werror=return-type -Werror=non-virtual-dtor -Werror=address -Werror=sequence-point -Wformat -Werror=format-security -Wmissing-declarations -Wstrict-prototypes -o CMakeFiles/cmTC_cbe79.dir/src.cxx.o -c /home/pi/opencv/opencv-3.4.2/build/CMakeFiles/CMakeTmp/src.cxx
cc1plus: warning: command line option ‘-Wstrict-prototypes’ is valid for C/ObjC but not for C++
/home/pi/opencv/opencv-3.4.2/build/CMakeFiles/CMakeTmp/src.cxx:1:0: warning: ignoring #pragma   [-Wunknown-pragmas]
 #pragma
 
Linking CXX executable cmTC_cbe79
/usr/bin/cmake -E cmake_link_script CMakeFiles/cmTC_cbe79.dir/link.txt --verbose=1
/usr/bin/c++     -O3 -DNDEBUG    CMakeFiles/cmTC_cbe79.dir/src.cxx.o  -o cmTC_cbe79 -rdynamic 
make[1]: Leaving directory '/home/pi/opencv/opencv-3.4.2/build/CMakeFiles/CMakeTmp'

===== END =====

Build output check failed:
    Regex: 'command line option .* is valid for .* but not for C'
    Output line: 'cc1: warning: command line option ‘-Wsign-promo’ is valid for C++/ObjC++ but not for C'
Compilation failed:
    source file: '/home/pi/opencv/opencv-3.4.2/build/CMakeFiles/CMakeTmp/src.c'
    check option: ' -fsigned-char -W -Wall -Werror=return-type -Werror=non-virtual-dtor -Werror=address -Werror=sequence-point -Wformat -Werror=format-security -Wmissing-declarations -Wmissing-prototypes -Wstrict-prototypes -Wundef -Winit-self -Wpointer-arith -Wshadow  -Wsign-promo'
===== BUILD LOG =====
Change Dir: /home/pi/opencv/opencv-3.4.2/build/CMakeFiles/CMakeTmp

Run Build Command:"/usr/bin/make" "cmTC_80d11/fast"
/usr/bin/make -f CMakeFiles/cmTC_80d11.dir/build.make CMakeFiles/cmTC_80d11.dir/build
make[1]: Entering directory '/home/pi/opencv/opencv-3.4.2/build/CMakeFiles/CMakeTmp'
Building C object CMakeFiles/cmTC_80d11.dir/src.c.o
/usr/bin/cc    -O3 -DNDEBUG -fPIE   -fsigned-char -W -Wall -Werror=return-type -Werror=non-virtual-dtor -Werror=address -Werror=sequence-point -Wformat -Werror=format-security -Wmissing-declarations -Wmissing-prototypes -Wstrict-prototypes -Wundef -Winit-self -Wpointer-arith -Wshadow -Wsign-promo -o CMakeFiles/cmTC_80d11.dir/src.c.o   -c /home/pi/opencv/opencv-3.4.2/build/CMakeFiles/CMakeTmp/src.c
cc1: warning: command line option ‘-Wsign-promo’ is valid for C++/ObjC++ but not for C
/home/pi/opencv/opencv-3.4.2/build/CMakeFiles/CMakeTmp/src.c:1:0: warning: ignoring #pragma   [-Wunknown-pragmas]
 #pragma
 
Linking C executable cmTC_80d11
/usr/bin/cmake -E cmake_link_script CMakeFiles/cmTC_80d11.dir/link.txt --verbose=1
/usr/bin/cc    -O3 -DNDEBUG    CMakeFiles/cmTC_80d11.dir/src.c.o  -o cmTC_80d11 -rdynamic 
make[1]: Leaving directory '/home/pi/opencv/opencv-3.4.2/build/CMakeFiles/CMakeTmp'

===== END =====

Build output check failed:
    Regex: 'command line option .* is valid for .* but not for C'
    Output line: 'cc1: warning: command line option ‘-Wno-delete-non-virtual-dtor’ is valid for C++/ObjC++ but not for C'
Compilation failed:
    source file: '/home/pi/opencv/opencv-3.4.2/build/CMakeFiles/CMakeTmp/src.c'
    check option: ' -fsigned-char -W -Wall -Werror=return-type -Werror=non-virtual-dtor -Werror=address -Werror=sequence-point -Wformat -Werror=format-security -Wmissing-declarations -Wmissing-prototypes -Wstrict-prototypes -Wundef -Winit-self -Wpointer-arith -Wshadow -Wuninitialized -Winit-self -Wno-narrowing  -Wno-delete-non-virtual-dtor'
===== BUILD LOG =====
Change Dir: /home/pi/opencv/opencv-3.4.2/build/CMakeFiles/CMakeTmp

Run Build Command:"/usr/bin/make" "cmTC_0755c/fast"
/usr/bin/make -f CMakeFiles/cmTC_0755c.dir/build.make CMakeFiles/cmTC_0755c.dir/build
make[1]: Entering directory '/home/pi/opencv/opencv-3.4.2/build/CMakeFiles/CMakeTmp'
Building C object CMakeFiles/cmTC_0755c.dir/src.c.o
/usr/bin/cc    -O3 -DNDEBUG -fPIE   -fsigned-char -W -Wall -Werror=return-type -Werror=non-virtual-dtor -Werror=address -Werror=sequence-point -Wformat -Werror=format-security -Wmissing-declarations -Wmissing-prototypes -Wstrict-prototypes -Wundef -Winit-self -Wpointer-arith -Wshadow -Wuninitialized -Winit-self -Wno-narrowing -Wno-delete-non-virtual-dtor -o CMakeFiles/cmTC_0755c.dir/src.c.o   -c /home/pi/opencv/opencv-3.4.2/build/CMakeFiles/CMakeTmp/src.c
cc1: warning: command line option ‘-Wno-delete-non-virtual-dtor’ is valid for C++/ObjC++ but not for C
/home/pi/opencv/opencv-3.4.2/build/CMakeFiles/CMakeTmp/src.c:1:0: warning: ignoring #pragma   [-Wunknown-pragmas]
 #pragma
 
Linking C executable cmTC_0755c
/usr/bin/cmake -E cmake_link_script CMakeFiles/cmTC_0755c.dir/link.txt --verbose=1
/usr/bin/cc    -O3 -DNDEBUG    CMakeFiles/cmTC_0755c.dir/src.c.o  -o cmTC_0755c -rdynamic 
make[1]: Leaving directory '/home/pi/opencv/opencv-3.4.2/build/CMakeFiles/CMakeTmp'

===== END =====

Build output check failed:
    Regex: 'unrecognized .*option'
    Output line: 'cc1plus: warning: unrecognized command line option ‘-Wno-unnamed-type-template-args’'
Compilation failed:
    source file: '/home/pi/opencv/opencv-3.4.2/build/CMakeFiles/CMakeTmp/src.cxx'
    check option: ' -fsigned-char -W -Wall -Werror=return-type -Werror=non-virtual-dtor -Werror=address -Werror=sequence-point -Wformat -Werror=format-security -Wmissing-declarations -Wundef -Winit-self -Wpointer-arith -Wshadow -Wsign-promo -Wuninitialized -Winit-self -Wno-narrowing -Wno-delete-non-virtual-dtor  -Wno-unnamed-type-template-args'
===== BUILD LOG =====
Change Dir: /home/pi/opencv/opencv-3.4.2/build/CMakeFiles/CMakeTmp

Run Build Command:"/usr/bin/make" "cmTC_16064/fast"
/usr/bin/make -f CMakeFiles/cmTC_16064.dir/build.make CMakeFiles/cmTC_16064.dir/build
make[1]: Entering directory '/home/pi/opencv/opencv-3.4.2/build/CMakeFiles/CMakeTmp'
Building CXX object CMakeFiles/cmTC_16064.dir/src.cxx.o
/usr/bin/c++     -O3 -DNDEBUG -fPIE   -fsigned-char -W -Wall -Werror=return-type -Werror=non-virtual-dtor -Werror=address -Werror=sequence-point -Wformat -Werror=format-security -Wmissing-declarations -Wundef -Winit-self -Wpointer-arith -Wshadow -Wsign-promo -Wuninitialized -Winit-self -Wno-narrowing -Wno-delete-non-virtual-dtor -Wno-unnamed-type-template-args -o CMakeFiles/cmTC_16064.dir/src.cxx.o -c /home/pi/opencv/opencv-3.4.2/build/CMakeFiles/CMakeTmp/src.cxx
/home/pi/opencv/opencv-3.4.2/build/CMakeFiles/CMakeTmp/src.cxx:1:0: warning: ignoring #pragma   [-Wunknown-pragmas]
 #pragma
 
cc1plus: warning: unrecognized command line option ‘-Wno-unnamed-type-template-args’
Linking CXX executable cmTC_16064
/usr/bin/cmake -E cmake_link_script CMakeFiles/cmTC_16064.dir/link.txt --verbose=1
/usr/bin/c++     -O3 -DNDEBUG    CMakeFiles/cmTC_16064.dir/src.cxx.o  -o cmTC_16064 -rdynamic 
make[1]: Leaving directory '/home/pi/opencv/opencv-3.4.2/build/CMakeFiles/CMakeTmp'

===== END =====

Build output check failed:
    Regex: 'unrecognized .*option'
    Output line: 'cc1: warning: unrecognized command line option ‘-Wno-unnamed-type-template-args’'
Compilation failed:
    source file: '/home/pi/opencv/opencv-3.4.2/build/CMakeFiles/CMakeTmp/src.c'
    check option: ' -fsigned-char -W -Wall -Werror=return-type -Werror=non-virtual-dtor -Werror=address -Werror=sequence-point -Wformat -Werror=format-security -Wmissing-declarations -Wmissing-prototypes -Wstrict-prototypes -Wundef -Winit-self -Wpointer-arith -Wshadow -Wuninitialized -Winit-self -Wno-narrowing  -Wno-unnamed-type-template-args'
===== BUILD LOG =====
Change Dir: /home/pi/opencv/opencv-3.4.2/build/CMakeFiles/CMakeTmp

Run Build Command:"/usr/bin/make" "cmTC_fe077/fast"
/usr/bin/make -f CMakeFiles/cmTC_fe077.dir/build.make CMakeFiles/cmTC_fe077.dir/build
make[1]: Entering directory '/home/pi/opencv/opencv-3.4.2/build/CMakeFiles/CMakeTmp'
Building C object CMakeFiles/cmTC_fe077.dir/src.c.o
/usr/bin/cc    -O3 -DNDEBUG -fPIE   -fsigned-char -W -Wall -Werror=return-type -Werror=non-virtual-dtor -Werror=address -Werror=sequence-point -Wformat -Werror=format-security -Wmissing-declarations -Wmissing-prototypes -Wstrict-prototypes -Wundef -Winit-self -Wpointer-arith -Wshadow -Wuninitialized -Winit-self -Wno-narrowing -Wno-unnamed-type-template-args -o CMakeFiles/cmTC_fe077.dir/src.c.o   -c /home/pi/opencv/opencv-3.4.2/build/CMakeFiles/CMakeTmp/src.c
/home/pi/opencv/opencv-3.4.2/build/CMakeFiles/CMakeTmp/src.c:1:0: warning: ignoring #pragma   [-Wunknown-pragmas]
 #pragma
 
cc1: warning: unrecognized command line option ‘-Wno-unnamed-type-template-args’
Linking C executable cmTC_fe077
/usr/bin/cmake -E cmake_link_script CMakeFiles/cmTC_fe077.dir/link.txt --verbose=1
/usr/bin/cc    -O3 -DNDEBUG    CMakeFiles/cmTC_fe077.dir/src.c.o  -o cmTC_fe077 -rdynamic 
make[1]: Leaving directory '/home/pi/opencv/opencv-3.4.2/build/CMakeFiles/CMakeTmp'

===== END =====

Compilation failed:
    source file: '/home/pi/opencv/opencv-3.4.2/cmake/checks/cpu_neon.cpp'
    check option: ' -mfpu=vfpv3'
===== BUILD LOG =====
Change Dir: /home/pi/opencv/opencv-3.4.2/build/CMakeFiles/CMakeTmp

Run Build Command:"/usr/bin/make" "cmTC_9ed8c/fast"
/usr/bin/make -f CMakeFiles/cmTC_9ed8c.dir/build.make CMakeFiles/cmTC_9ed8c.dir/build
make[1]: Entering directory '/home/pi/opencv/opencv-3.4.2/build/CMakeFiles/CMakeTmp'
Building CXX object CMakeFiles/cmTC_9ed8c.dir/cpu_neon.cpp.o
/usr/bin/c++     -O3 -DNDEBUG -fPIE   -mfpu=vfpv3 -o CMakeFiles/cmTC_9ed8c.dir/cpu_neon.cpp.o -c /home/pi/opencv/opencv-3.4.2/cmake/checks/cpu_neon.cpp
/home/pi/opencv/opencv-3.4.2/cmake/checks/cpu_neon.cpp:20:2: error: #error "NEON is not supported"
 #error "NEON is not supported"
  ^~~~~
/home/pi/opencv/opencv-3.4.2/cmake/checks/cpu_neon.cpp: In function ‘int main()’:
/home/pi/opencv/opencv-3.4.2/cmake/checks/cpu_neon.cpp:25:23: error: ‘test’ was not declared in this scope
   printf("%d\n", test());
                       ^
CMakeFiles/cmTC_9ed8c.dir/build.make:65: recipe for target 'CMakeFiles/cmTC_9ed8c.dir/cpu_neon.cpp.o' failed
make[1]: *** [CMakeFiles/cmTC_9ed8c.dir/cpu_neon.cpp.o] Error 1
make[1]: Leaving directory '/home/pi/opencv/opencv-3.4.2/build/CMakeFiles/CMakeTmp'
Makefile:126: recipe for target 'cmTC_9ed8c/fast' failed
make: *** [cmTC_9ed8c/fast] Error 2

===== END =====

Compilation failed:
    source file: '/home/pi/opencv/opencv-3.4.2/cmake/checks/cpu_fp16.cpp'
    check option: ' -mfpu=neon'
===== BUILD LOG =====
Change Dir: /home/pi/opencv/opencv-3.4.2/build/CMakeFiles/CMakeTmp

Run Build Command:"/usr/bin/make" "cmTC_4ba99/fast"
/usr/bin/make -f CMakeFiles/cmTC_4ba99.dir/build.make CMakeFiles/cmTC_4ba99.dir/build
make[1]: Entering directory '/home/pi/opencv/opencv-3.4.2/build/CMakeFiles/CMakeTmp'
Building CXX object CMakeFiles/cmTC_4ba99.dir/cpu_fp16.cpp.o
/usr/bin/c++     -O3 -DNDEBUG -fPIE   -mfpu=neon -o CMakeFiles/cmTC_4ba99.dir/cpu_fp16.cpp.o -c /home/pi/opencv/opencv-3.4.2/cmake/checks/cpu_fp16.cpp
/home/pi/opencv/opencv-3.4.2/cmake/checks/cpu_fp16.cpp: In function ‘int test()’:
/home/pi/opencv/opencv-3.4.2/cmake/checks/cpu_fp16.cpp:21:5: error: ‘float16x4_t’ was not declared in this scope
     float16x4_t v_dst = vcvt_f16_f32(v_src);
     ^~~~~~~~~~~
/home/pi/opencv/opencv-3.4.2/cmake/checks/cpu_fp16.cpp:22:19: error: expected primary-expression before ‘)’ token
     *(float16x4_t*)dst = v_dst;
                   ^
CMakeFiles/cmTC_4ba99.dir/build.make:65: recipe for target 'CMakeFiles/cmTC_4ba99.dir/cpu_fp16.cpp.o' failed
make[1]: *** [CMakeFiles/cmTC_4ba99.dir/cpu_fp16.cpp.o] Error 1
make[1]: Leaving directory '/home/pi/opencv/opencv-3.4.2/build/CMakeFiles/CMakeTmp'
Makefile:126: recipe for target 'cmTC_4ba99/fast' failed
make: *** [cmTC_4ba99/fast] Error 2

===== END =====

Compilation failed:
    source file: '/home/pi/opencv/opencv-3.4.2/cmake/checks/cpu_fp16.cpp'
    check option: ' -mfpu=neon-fp16'
===== BUILD LOG =====
Change Dir: /home/pi/opencv/opencv-3.4.2/build/CMakeFiles/CMakeTmp

Run Build Command:"/usr/bin/make" "cmTC_c99de/fast"
/usr/bin/make -f CMakeFiles/cmTC_c99de.dir/build.make CMakeFiles/cmTC_c99de.dir/build
make[1]: Entering directory '/home/pi/opencv/opencv-3.4.2/build/CMakeFiles/CMakeTmp'
Building CXX object CMakeFiles/cmTC_c99de.dir/cpu_fp16.cpp.o
/usr/bin/c++     -O3 -DNDEBUG -fPIE   -mfpu=neon-fp16 -o CMakeFiles/cmTC_c99de.dir/cpu_fp16.cpp.o -c /home/pi/opencv/opencv-3.4.2/cmake/checks/cpu_fp16.cpp
/home/pi/opencv/opencv-3.4.2/cmake/checks/cpu_fp16.cpp: In function ‘int test()’:
/home/pi/opencv/opencv-3.4.2/cmake/checks/cpu_fp16.cpp:21:5: error: ‘float16x4_t’ was not declared in this scope
     float16x4_t v_dst = vcvt_f16_f32(v_src);
     ^~~~~~~~~~~
/home/pi/opencv/opencv-3.4.2/cmake/checks/cpu_fp16.cpp:22:19: error: expected primary-expression before ‘)’ token
     *(float16x4_t*)dst = v_dst;
                   ^
CMakeFiles/cmTC_c99de.dir/build.make:65: recipe for target 'CMakeFiles/cmTC_c99de.dir/cpu_fp16.cpp.o' failed
make[1]: *** [CMakeFiles/cmTC_c99de.dir/cpu_fp16.cpp.o] Error 1
make[1]: Leaving directory '/home/pi/opencv/opencv-3.4.2/build/CMakeFiles/CMakeTmp'
Makefile:126: recipe for target 'cmTC_c99de/fast' failed
make: *** [cmTC_c99de/fast] Error 2

===== END =====

Build output check failed:
    Regex: 'command line option .* is valid for .* but not for C'
    Output line: 'cc1: warning: command line option ‘-fvisibility-inlines-hidden’ is valid for C++/ObjC++ but not for C'
Compilation failed:
    source file: '/home/pi/opencv/opencv-3.4.2/build/CMakeFiles/CMakeTmp/src.c'
    check option: ' -fsigned-char -W -Wall -Werror=return-type -Werror=non-virtual-dtor -Werror=address -Werror=sequence-point -Wformat -Werror=format-security -Wmissing-declarations -Wmissing-prototypes -Wstrict-prototypes -Wundef -Winit-self -Wpointer-arith -Wshadow -Wuninitialized -Winit-self -Wno-narrowing -Wno-comment -fdiagnostics-show-option -pthread -fomit-frame-pointer -ffunction-sections -fdata-sections  -mfpu=neon -mfp16-format=ieee -fvisibility=hidden  -fvisibility-inlines-hidden'
===== BUILD LOG =====
Change Dir: /home/pi/opencv/opencv-3.4.2/build/CMakeFiles/CMakeTmp

Run Build Command:"/usr/bin/make" "cmTC_e0801/fast"
/usr/bin/make -f CMakeFiles/cmTC_e0801.dir/build.make CMakeFiles/cmTC_e0801.dir/build
make[1]: Entering directory '/home/pi/opencv/opencv-3.4.2/build/CMakeFiles/CMakeTmp'
Building C object CMakeFiles/cmTC_e0801.dir/src.c.o
/usr/bin/cc    -O3 -DNDEBUG -fPIE   -fsigned-char -W -Wall -Werror=return-type -Werror=non-virtual-dtor -Werror=address -Werror=sequence-point -Wformat -Werror=format-security -Wmissing-declarations -Wmissing-prototypes -Wstrict-prototypes -Wundef -Winit-self -Wpointer-arith -Wshadow -Wuninitialized -Winit-self -Wno-narrowing -Wno-comment -fdiagnostics-show-option -pthread -fomit-frame-pointer -ffunction-sections -fdata-sections -mfpu=neon -mfp16-format=ieee -fvisibility=hidden -fvisibility-inlines-hidden -o CMakeFiles/cmTC_e0801.dir/src.c.o   -c /home/pi/opencv/opencv-3.4.2/build/CMakeFiles/CMakeTmp/src.c
cc1: warning: command line option ‘-fvisibility-inlines-hidden’ is valid for C++/ObjC++ but not for C
/home/pi/opencv/opencv-3.4.2/build/CMakeFiles/CMakeTmp/src.c:1:0: warning: ignoring #pragma   [-Wunknown-pragmas]
 #pragma
 
Linking C executable cmTC_e0801
/usr/bin/cmake -E cmake_link_script CMakeFiles/cmTC_e0801.dir/link.txt --verbose=1
/usr/bin/cc    -O3 -DNDEBUG    CMakeFiles/cmTC_e0801.dir/src.c.o  -o cmTC_e0801 -rdynamic 
make[1]: Leaving directory '/home/pi/opencv/opencv-3.4.2/build/CMakeFiles/CMakeTmp'

===== END =====

Build output check failed:
    Regex: 'unrecognized .*option'
    Output line: 'cc1: warning: unrecognized command line option ‘-Wno-implicit-fallthrough’'
Compilation failed:
    source file: '/home/pi/opencv/opencv-3.4.2/build/CMakeFiles/CMakeTmp/src.c'
    check option: ' -Wno-implicit-fallthrough'
===== BUILD LOG =====
Change Dir: /home/pi/opencv/opencv-3.4.2/build/CMakeFiles/CMakeTmp

Run Build Command:"/usr/bin/make" "cmTC_a3a42/fast"
/usr/bin/make -f CMakeFiles/cmTC_a3a42.dir/build.make CMakeFiles/cmTC_a3a42.dir/build
make[1]: Entering directory '/home/pi/opencv/opencv-3.4.2/build/CMakeFiles/CMakeTmp'
Building C object CMakeFiles/cmTC_a3a42.dir/src.c.o
/usr/bin/cc    -fsigned-char -W -Wall -Werror=return-type -Werror=non-virtual-dtor -Werror=address -Werror=sequence-point -Wformat -Werror=format-security   -Wstrict-prototypes -Wundef -Winit-self -Wpointer-arith  -Wuninitialized -Winit-self -Wno-narrowing -Wno-comment -fdiagnostics-show-option -pthread -fomit-frame-pointer -ffunction-sections -fdata-sections  -mfpu=neon -mfp16-format=ieee -fvisibility=hidden -Wno-unused-variable -Wno-unused-function -Wno-shadow -Wno-maybe-uninitialized -Wno-missing-prototypes -Wno-missing-declarations  -O3 -DNDEBUG -fPIE   -Wno-implicit-fallthrough -o CMakeFiles/cmTC_a3a42.dir/src.c.o   -c /home/pi/opencv/opencv-3.4.2/build/CMakeFiles/CMakeTmp/src.c
/home/pi/opencv/opencv-3.4.2/build/CMakeFiles/CMakeTmp/src.c:1:0: warning: ignoring #pragma   [-Wunknown-pragmas]
 #pragma
 
cc1: warning: unrecognized command line option ‘-Wno-implicit-fallthrough’
Linking C executable cmTC_a3a42
/usr/bin/cmake -E cmake_link_script CMakeFiles/cmTC_a3a42.dir/link.txt --verbose=1
/usr/bin/cc     -fsigned-char -W -Wall -Werror=return-type -Werror=non-virtual-dtor -Werror=address -Werror=sequence-point -Wformat -Werror=format-security   -Wstrict-prototypes -Wundef -Winit-self -Wpointer-arith  -Wuninitialized -Winit-self -Wno-narrowing -Wno-comment -fdiagnostics-show-option -pthread -fomit-frame-pointer -ffunction-sections -fdata-sections  -mfpu=neon -mfp16-format=ieee -fvisibility=hidden -Wno-unused-variable -Wno-unused-function -Wno-shadow -Wno-maybe-uninitialized -Wno-missing-prototypes -Wno-missing-declarations  -O3 -DNDEBUG    -Wl,--gc-sections  CMakeFiles/cmTC_a3a42.dir/src.c.o  -o cmTC_a3a42 -rdynamic 
make[1]: Leaving directory '/home/pi/opencv/opencv-3.4.2/build/CMakeFiles/CMakeTmp'

===== END =====

Build output check failed:
    Regex: 'unrecognized .*option'
    Output line: 'cc1plus: warning: unrecognized command line option ‘-Wno-inconsistent-missing-override’'
Compilation failed:
    source file: '/home/pi/opencv/opencv-3.4.2/build/CMakeFiles/CMakeTmp/src.cxx'
    check option: ' -Wno-inconsistent-missing-override'
===== BUILD LOG =====
Change Dir: /home/pi/opencv/opencv-3.4.2/build/CMakeFiles/CMakeTmp

Run Build Command:"/usr/bin/make" "cmTC_e7d29/fast"
/usr/bin/make -f CMakeFiles/cmTC_e7d29.dir/build.make CMakeFiles/cmTC_e7d29.dir/build
make[1]: Entering directory '/home/pi/opencv/opencv-3.4.2/build/CMakeFiles/CMakeTmp'
Building CXX object CMakeFiles/cmTC_e7d29.dir/src.cxx.o
/usr/bin/c++     -fsigned-char -W -Wall -Werror=return-type -Werror=non-virtual-dtor -Werror=address -Werror=sequence-point -Wformat -Werror=format-security   -Winit-self -Wpointer-arith  -Wsign-promo  -Winit-self -Wno-narrowing -Wno-delete-non-virtual-dtor -Wno-comment -fdiagnostics-show-option -pthread -fomit-frame-pointer -ffunction-sections -fdata-sections  -mfpu=neon -mfp16-format=ieee -fvisibility=hidden -fvisibility-inlines-hidden -Wno-shadow -Wno-unused -Wno-sign-compare -Wno-undef -Wno-missing-declarations -Wno-uninitialized -Wno-switch -Wno-parentheses -Wno-array-bounds -Wno-extra -Wno-deprecated-declarations -Wno-misleading-indentation -Wno-deprecated -Wno-suggest-override  -O3 -DNDEBUG -fPIE   -Wno-inconsistent-missing-override -o CMakeFiles/cmTC_e7d29.dir/src.cxx.o -c /home/pi/opencv/opencv-3.4.2/build/CMakeFiles/CMakeTmp/src.cxx
/home/pi/opencv/opencv-3.4.2/build/CMakeFiles/CMakeTmp/src.cxx:1:0: warning: ignoring #pragma   [-Wunknown-pragmas]
 #pragma
 
cc1plus: warning: unrecognized command line option ‘-Wno-inconsistent-missing-override’
Linking CXX executable cmTC_e7d29
/usr/bin/cmake -E cmake_link_script CMakeFiles/cmTC_e7d29.dir/link.txt --verbose=1
/usr/bin/c++      -fsigned-char -W -Wall -Werror=return-type -Werror=non-virtual-dtor -Werror=address -Werror=sequence-point -Wformat -Werror=format-security   -Winit-self -Wpointer-arith  -Wsign-promo  -Winit-self -Wno-narrowing -Wno-delete-non-virtual-dtor -Wno-comment -fdiagnostics-show-option -pthread -fomit-frame-pointer -ffunction-sections -fdata-sections  -mfpu=neon -mfp16-format=ieee -fvisibility=hidden -fvisibility-inlines-hidden -Wno-shadow -Wno-unused -Wno-sign-compare -Wno-undef -Wno-missing-declarations -Wno-uninitialized -Wno-switch -Wno-parentheses -Wno-array-bounds -Wno-extra -Wno-deprecated-declarations -Wno-misleading-indentation -Wno-deprecated -Wno-suggest-override  -O3 -DNDEBUG    -Wl,--gc-sections  CMakeFiles/cmTC_e7d29.dir/src.cxx.o  -o cmTC_e7d29 -rdynamic 
make[1]: Leaving directory '/home/pi/opencv/opencv-3.4.2/build/CMakeFiles/CMakeTmp'

===== END =====

Build output check failed:
    Regex: 'unrecognized .*option'
    Output line: 'cc1plus: warning: unrecognized command line option ‘-Wno-implicit-fallthrough’'
Compilation failed:
    source file: '/home/pi/opencv/opencv-3.4.2/build/CMakeFiles/CMakeTmp/src.cxx'
    check option: ' -Wno-implicit-fallthrough'
===== BUILD LOG =====
Change Dir: /home/pi/opencv/opencv-3.4.2/build/CMakeFiles/CMakeTmp

Run Build Command:"/usr/bin/make" "cmTC_65dd9/fast"
/usr/bin/make -f CMakeFiles/cmTC_65dd9.dir/build.make CMakeFiles/cmTC_65dd9.dir/build
make[1]: Entering directory '/home/pi/opencv/opencv-3.4.2/build/CMakeFiles/CMakeTmp'
Building CXX object CMakeFiles/cmTC_65dd9.dir/src.cxx.o
/usr/bin/c++     -fsigned-char -W -Wall -Werror=return-type -Werror=non-virtual-dtor -Werror=address -Werror=sequence-point -Wformat -Werror=format-security   -Winit-self -Wpointer-arith  -Wsign-promo  -Winit-self -Wno-narrowing -Wno-delete-non-virtual-dtor -Wno-comment -fdiagnostics-show-option -pthread -fomit-frame-pointer -ffunction-sections -fdata-sections  -mfpu=neon -mfp16-format=ieee -fvisibility=hidden -fvisibility-inlines-hidden -Wno-shadow -Wno-unused -Wno-sign-compare -Wno-undef -Wno-missing-declarations -Wno-uninitialized -Wno-switch -Wno-parentheses -Wno-array-bounds -Wno-extra -Wno-deprecated-declarations -Wno-misleading-indentation -Wno-deprecated -Wno-suggest-override  -O3 -DNDEBUG -fPIE   -Wno-implicit-fallthrough -o CMakeFiles/cmTC_65dd9.dir/src.cxx.o -c /home/pi/opencv/opencv-3.4.2/build/CMakeFiles/CMakeTmp/src.cxx
/home/pi/opencv/opencv-3.4.2/build/CMakeFiles/CMakeTmp/src.cxx:1:0: warning: ignoring #pragma   [-Wunknown-pragmas]
 #pragma
 
cc1plus: warning: unrecognized command line option ‘-Wno-implicit-fallthrough’
Linking CXX executable cmTC_65dd9
/usr/bin/cmake -E cmake_link_script CMakeFiles/cmTC_65dd9.dir/link.txt --verbose=1
/usr/bin/c++      -fsigned-char -W -Wall -Werror=return-type -Werror=non-virtual-dtor -Werror=address -Werror=sequence-point -Wformat -Werror=format-security   -Winit-self -Wpointer-arith  -Wsign-promo  -Winit-self -Wno-narrowing -Wno-delete-non-virtual-dtor -Wno-comment -fdiagnostics-show-option -pthread -fomit-frame-pointer -ffunction-sections -fdata-sections  -mfpu=neon -mfp16-format=ieee -fvisibility=hidden -fvisibility-inlines-hidden -Wno-shadow -Wno-unused -Wno-sign-compare -Wno-undef -Wno-missing-declarations -Wno-uninitialized -Wno-switch -Wno-parentheses -Wno-array-bounds -Wno-extra -Wno-deprecated-declarations -Wno-misleading-indentation -Wno-deprecated -Wno-suggest-override  -O3 -DNDEBUG    -Wl,--gc-sections  CMakeFiles/cmTC_65dd9.dir/src.cxx.o  -o cmTC_65dd9 -rdynamic 
make[1]: Leaving directory '/home/pi/opencv/opencv-3.4.2/build/CMakeFiles/CMakeTmp'

===== END =====

Determining if the include file linux/videodev.h exists failed with the following output:
Change Dir: /home/pi/opencv/opencv-3.4.2/build/CMakeFiles/CMakeTmp

Run Build Command:"/usr/bin/make" "cmTC_415ca/fast"
/usr/bin/make -f CMakeFiles/cmTC_415ca.dir/build.make CMakeFiles/cmTC_415ca.dir/build
make[1]: Entering directory '/home/pi/opencv/opencv-3.4.2/build/CMakeFiles/CMakeTmp'
Building C object CMakeFiles/cmTC_415ca.dir/CheckIncludeFile.c.o
/usr/bin/cc    -fsigned-char -W -Wall -Werror=return-type -Werror=non-virtual-dtor -Werror=address -Werror=sequence-point -Wformat -Werror=format-security -Wmissing-declarations -Wmissing-prototypes -Wstrict-prototypes -Wundef -Winit-self -Wpointer-arith -Wshadow -Wuninitialized -Winit-self -Wno-narrowing -Wno-comment -fdiagnostics-show-option -pthread -fomit-frame-pointer -ffunction-sections -fdata-sections  -mfpu=neon -mfp16-format=ieee -fvisibility=hidden  -O3 -DNDEBUG -fPIE   -o CMakeFiles/cmTC_415ca.dir/CheckIncludeFile.c.o   -c /home/pi/opencv/opencv-3.4.2/build/CMakeFiles/CMakeTmp/CheckIncludeFile.c
/home/pi/opencv/opencv-3.4.2/build/CMakeFiles/CMakeTmp/CheckIncludeFile.c:1:28: fatal error: linux/videodev.h: No such file or directory
 #include <linux/videodev.h>
                            ^
compilation terminated.
CMakeFiles/cmTC_415ca.dir/build.make:65: recipe for target 'CMakeFiles/cmTC_415ca.dir/CheckIncludeFile.c.o' failed
make[1]: *** [CMakeFiles/cmTC_415ca.dir/CheckIncludeFile.c.o] Error 1
make[1]: Leaving directory '/home/pi/opencv/opencv-3.4.2/build/CMakeFiles/CMakeTmp'
Makefile:126: recipe for target 'cmTC_415ca/fast' failed
make: *** [cmTC_415ca/fast] Error 2


Determining if the include file sys/videoio.h exists failed with the following output:
Change Dir: /home/pi/opencv/opencv-3.4.2/build/CMakeFiles/CMakeTmp

Run Build Command:"/usr/bin/make" "cmTC_d68df/fast"
/usr/bin/make -f CMakeFiles/cmTC_d68df.dir/build.make CMakeFiles/cmTC_d68df.dir/build
make[1]: Entering directory '/home/pi/opencv/opencv-3.4.2/build/CMakeFiles/CMakeTmp'
Building C object CMakeFiles/cmTC_d68df.dir/CheckIncludeFile.c.o
/usr/bin/cc    -fsigned-char -W -Wall -Werror=return-type -Werror=non-virtual-dtor -Werror=address -Werror=sequence-point -Wformat -Werror=format-security -Wmissing-declarations -Wmissing-prototypes -Wstrict-prototypes -Wundef -Winit-self -Wpointer-arith -Wshadow -Wuninitialized -Winit-self -Wno-narrowing -Wno-comment -fdiagnostics-show-option -pthread -fomit-frame-pointer -ffunction-sections -fdata-sections  -mfpu=neon -mfp16-format=ieee -fvisibility=hidden  -O3 -DNDEBUG -fPIE   -o CMakeFiles/cmTC_d68df.dir/CheckIncludeFile.c.o   -c /home/pi/opencv/opencv-3.4.2/build/CMakeFiles/CMakeTmp/CheckIncludeFile.c
/home/pi/opencv/opencv-3.4.2/build/CMakeFiles/CMakeTmp/CheckIncludeFile.c:1:25: fatal error: sys/videoio.h: No such file or directory
 #include <sys/videoio.h>
                         ^
compilation terminated.
CMakeFiles/cmTC_d68df.dir/build.make:65: recipe for target 'CMakeFiles/cmTC_d68df.dir/CheckIncludeFile.c.o' failed
make[1]: *** [CMakeFiles/cmTC_d68df.dir/CheckIncludeFile.c.o] Error 1
make[1]: Leaving directory '/home/pi/opencv/opencv-3.4.2/build/CMakeFiles/CMakeTmp'
Makefile:126: recipe for target 'cmTC_d68df/fast' failed
make: *** [cmTC_d68df/fast] Error 2


Build output check failed:
    Regex: 'command line option .* is valid for .* but not for C\+\+'
    Output line: 'cc1plus: warning: command line option ‘-Wno-missing-prototypes’ is valid for C/ObjC but not for C++'
Compilation failed:
    source file: '/home/pi/opencv/opencv-3.4.2/build/CMakeFiles/CMakeTmp/src.cxx'
    check option: ' -Wno-missing-prototypes'
===== BUILD LOG =====
Change Dir: /home/pi/opencv/opencv-3.4.2/build/CMakeFiles/CMakeTmp

Run Build Command:"/usr/bin/make" "cmTC_01cb4/fast"
/usr/bin/make -f CMakeFiles/cmTC_01cb4.dir/build.make CMakeFiles/cmTC_01cb4.dir/build
make[1]: Entering directory '/home/pi/opencv/opencv-3.4.2/build/CMakeFiles/CMakeTmp'
Building CXX object CMakeFiles/cmTC_01cb4.dir/src.cxx.o
/usr/bin/c++     -fsigned-char -W -Wall -Werror=return-type -Werror=non-virtual-dtor -Werror=address -Werror=sequence-point -Wformat -Werror=format-security -Wmissing-declarations -Wundef -Winit-self -Wpointer-arith -Wshadow -Wsign-promo -Wuninitialized -Winit-self -Wno-narrowing -Wno-delete-non-virtual-dtor -Wno-comment -fdiagnostics-show-option -pthread -fomit-frame-pointer -ffunction-sections -fdata-sections  -mfpu=neon -mfp16-format=ieee -fvisibility=hidden -fvisibility-inlines-hidden -Wno-deprecated  -O3 -DNDEBUG -fPIE   -Wno-missing-prototypes -o CMakeFiles/cmTC_01cb4.dir/src.cxx.o -c /home/pi/opencv/opencv-3.4.2/build/CMakeFiles/CMakeTmp/src.cxx
cc1plus: warning: command line option ‘-Wno-missing-prototypes’ is valid for C/ObjC but not for C++
/home/pi/opencv/opencv-3.4.2/build/CMakeFiles/CMakeTmp/src.cxx:1:0: warning: ignoring #pragma   [-Wunknown-pragmas]
 #pragma
 
Linking CXX executable cmTC_01cb4
/usr/bin/cmake -E cmake_link_script CMakeFiles/cmTC_01cb4.dir/link.txt --verbose=1
/usr/bin/c++      -fsigned-char -W -Wall -Werror=return-type -Werror=non-virtual-dtor -Werror=address -Werror=sequence-point -Wformat -Werror=format-security -Wmissing-declarations -Wundef -Winit-self -Wpointer-arith -Wshadow -Wsign-promo -Wuninitialized -Winit-self -Wno-narrowing -Wno-delete-non-virtual-dtor -Wno-comment -fdiagnostics-show-option -pthread -fomit-frame-pointer -ffunction-sections -fdata-sections  -mfpu=neon -mfp16-format=ieee -fvisibility=hidden -fvisibility-inlines-hidden -Wno-deprecated  -O3 -DNDEBUG    -Wl,--gc-sections  CMakeFiles/cmTC_01cb4.dir/src.cxx.o  -o cmTC_01cb4 -rdynamic 
make[1]: Leaving directory '/home/pi/opencv/opencv-3.4.2/build/CMakeFiles/CMakeTmp'

===== END =====

Build output check failed:
    Regex: 'unrecognized .*option'
    Output line: 'cc1plus: warning: unrecognized command line option ‘-Wno-tautological-undefined-compare’'
Compilation failed:
    source file: '/home/pi/opencv/opencv-3.4.2/build/CMakeFiles/CMakeTmp/src.cxx'
    check option: ' -Wno-tautological-undefined-compare'
===== BUILD LOG =====
Change Dir: /home/pi/opencv/opencv-3.4.2/build/CMakeFiles/CMakeTmp

Run Build Command:"/usr/bin/make" "cmTC_27a13/fast"
/usr/bin/make -f CMakeFiles/cmTC_27a13.dir/build.make CMakeFiles/cmTC_27a13.dir/build
make[1]: Entering directory '/home/pi/opencv/opencv-3.4.2/build/CMakeFiles/CMakeTmp'
Building CXX object CMakeFiles/cmTC_27a13.dir/src.cxx.o
/usr/bin/c++     -fsigned-char -W -Wall -Werror=return-type -Werror=non-virtual-dtor -Werror=address -Werror=sequence-point -Wformat -Werror=format-security   -Winit-self -Wpointer-arith   -Wuninitialized -Winit-self -Wno-narrowing -Wno-delete-non-virtual-dtor -Wno-comment -fdiagnostics-show-option -pthread -fomit-frame-pointer -ffunction-sections -fdata-sections  -mfpu=neon -mfp16-format=ieee -fvisibility=hidden -fvisibility-inlines-hidden -Wno-deprecated -Wno-missing-declarations -Wno-shadow -Wno-unused-parameter -Wno-unused-local-typedefs -Wno-sign-compare -Wno-sign-promo -Wno-undef  -O3 -DNDEBUG -fPIE   -Wno-tautological-undefined-compare -o CMakeFiles/cmTC_27a13.dir/src.cxx.o -c /home/pi/opencv/opencv-3.4.2/build/CMakeFiles/CMakeTmp/src.cxx
/home/pi/opencv/opencv-3.4.2/build/CMakeFiles/CMakeTmp/src.cxx:1:0: warning: ignoring #pragma   [-Wunknown-pragmas]
 #pragma
 
cc1plus: warning: unrecognized command line option ‘-Wno-tautological-undefined-compare’
Linking CXX executable cmTC_27a13
/usr/bin/cmake -E cmake_link_script CMakeFiles/cmTC_27a13.dir/link.txt --verbose=1
/usr/bin/c++      -fsigned-char -W -Wall -Werror=return-type -Werror=non-virtual-dtor -Werror=address -Werror=sequence-point -Wformat -Werror=format-security   -Winit-self -Wpointer-arith   -Wuninitialized -Winit-self -Wno-narrowing -Wno-delete-non-virtual-dtor -Wno-comment -fdiagnostics-show-option -pthread -fomit-frame-pointer -ffunction-sections -fdata-sections  -mfpu=neon -mfp16-format=ieee -fvisibility=hidden -fvisibility-inlines-hidden -Wno-deprecated -Wno-missing-declarations -Wno-shadow -Wno-unused-parameter -Wno-unused-local-typedefs -Wno-sign-compare -Wno-sign-promo -Wno-undef  -O3 -DNDEBUG    -Wl,--gc-sections  CMakeFiles/cmTC_27a13.dir/src.cxx.o  -o cmTC_27a13 -rdynamic 
make[1]: Leaving directory '/home/pi/opencv/opencv-3.4.2/build/CMakeFiles/CMakeTmp'

===== END =====

Build output check failed:
    Regex: 'unrecognized .*option'
    Output line: 'cc1plus: warning: unrecognized command line option ‘-Wno-shorten-64-to-32’'
Compilation failed:
    source file: '/home/pi/opencv/opencv-3.4.2/build/CMakeFiles/CMakeTmp/src.cxx'
    check option: ' -Wno-shorten-64-to-32'
===== BUILD LOG =====
Change Dir: /home/pi/opencv/opencv-3.4.2/build/CMakeFiles/CMakeTmp

Run Build Command:"/usr/bin/make" "cmTC_249d2/fast"
/usr/bin/make -f CMakeFiles/cmTC_249d2.dir/build.make CMakeFiles/cmTC_249d2.dir/build
make[1]: Entering directory '/home/pi/opencv/opencv-3.4.2/build/CMakeFiles/CMakeTmp'
Building CXX object CMakeFiles/cmTC_249d2.dir/src.cxx.o
/usr/bin/c++     -fsigned-char -W -Wall -Werror=return-type -Werror=non-virtual-dtor -Werror=address -Werror=sequence-point -Wformat -Werror=format-security   -Winit-self -Wpointer-arith   -Wuninitialized -Winit-self -Wno-narrowing -Wno-delete-non-virtual-dtor -Wno-comment -fdiagnostics-show-option -pthread -fomit-frame-pointer -ffunction-sections -fdata-sections  -mfpu=neon -mfp16-format=ieee -fvisibility=hidden -fvisibility-inlines-hidden -Wno-deprecated -Wno-missing-declarations -Wno-shadow -Wno-unused-parameter -Wno-unused-local-typedefs -Wno-sign-compare -Wno-sign-promo -Wno-undef -Wno-ignored-qualifiers -Wno-extra -Wno-unused-function -Wno-unused-const-variable  -O3 -DNDEBUG -fPIE   -Wno-shorten-64-to-32 -o CMakeFiles/cmTC_249d2.dir/src.cxx.o -c /home/pi/opencv/opencv-3.4.2/build/CMakeFiles/CMakeTmp/src.cxx
/home/pi/opencv/opencv-3.4.2/build/CMakeFiles/CMakeTmp/src.cxx:1:0: warning: ignoring #pragma   [-Wunknown-pragmas]
 #pragma
 
cc1plus: warning: unrecognized command line option ‘-Wno-shorten-64-to-32’
Linking CXX executable cmTC_249d2
/usr/bin/cmake -E cmake_link_script CMakeFiles/cmTC_249d2.dir/link.txt --verbose=1
/usr/bin/c++      -fsigned-char -W -Wall -Werror=return-type -Werror=non-virtual-dtor -Werror=address -Werror=sequence-point -Wformat -Werror=format-security   -Winit-self -Wpointer-arith   -Wuninitialized -Winit-self -Wno-narrowing -Wno-delete-non-virtual-dtor -Wno-comment -fdiagnostics-show-option -pthread -fomit-frame-pointer -ffunction-sections -fdata-sections  -mfpu=neon -mfp16-format=ieee -fvisibility=hidden -fvisibility-inlines-hidden -Wno-deprecated -Wno-missing-declarations -Wno-shadow -Wno-unused-parameter -Wno-unused-local-typedefs -Wno-sign-compare -Wno-sign-promo -Wno-undef -Wno-ignored-qualifiers -Wno-extra -Wno-unused-function -Wno-unused-const-variable  -O3 -DNDEBUG    -Wl,--gc-sections  CMakeFiles/cmTC_249d2.dir/src.cxx.o  -o cmTC_249d2 -rdynamic 
make[1]: Leaving directory '/home/pi/opencv/opencv-3.4.2/build/CMakeFiles/CMakeTmp'

===== END =====

Build output check failed:
    Regex: 'unrecognized .*option'
    Output line: 'cc1plus: warning: unrecognized command line option ‘-Wno-enum-compare-switch’'
Compilation failed:
    source file: '/home/pi/opencv/opencv-3.4.2/build/CMakeFiles/CMakeTmp/src.cxx'
    check option: ' -Wno-enum-compare-switch'
===== BUILD LOG =====
Change Dir: /home/pi/opencv/opencv-3.4.2/build/CMakeFiles/CMakeTmp

Run Build Command:"/usr/bin/make" "cmTC_35cfe/fast"
/usr/bin/make -f CMakeFiles/cmTC_35cfe.dir/build.make CMakeFiles/cmTC_35cfe.dir/build
make[1]: Entering directory '/home/pi/opencv/opencv-3.4.2/build/CMakeFiles/CMakeTmp'
Building CXX object CMakeFiles/cmTC_35cfe.dir/src.cxx.o
/usr/bin/c++     -fsigned-char -W -Wall -Werror=return-type -Werror=non-virtual-dtor -Werror=address -Werror=sequence-point -Wformat -Werror=format-security   -Winit-self -Wpointer-arith   -Wuninitialized -Winit-self -Wno-narrowing -Wno-delete-non-virtual-dtor -Wno-comment -fdiagnostics-show-option -pthread -fomit-frame-pointer -ffunction-sections -fdata-sections  -mfpu=neon -mfp16-format=ieee -fvisibility=hidden -fvisibility-inlines-hidden -Wno-deprecated -Wno-missing-declarations -Wno-shadow -Wno-unused-parameter -Wno-unused-local-typedefs -Wno-sign-compare -Wno-sign-promo -Wno-undef -Wno-ignored-qualifiers -Wno-extra -Wno-unused-function -Wno-unused-const-variable -Wno-invalid-offsetof  -O3 -DNDEBUG -fPIE   -Wno-enum-compare-switch -o CMakeFiles/cmTC_35cfe.dir/src.cxx.o -c /home/pi/opencv/opencv-3.4.2/build/CMakeFiles/CMakeTmp/src.cxx
/home/pi/opencv/opencv-3.4.2/build/CMakeFiles/CMakeTmp/src.cxx:1:0: warning: ignoring #pragma   [-Wunknown-pragmas]
 #pragma
 
cc1plus: warning: unrecognized command line option ‘-Wno-enum-compare-switch’
Linking CXX executable cmTC_35cfe
/usr/bin/cmake -E cmake_link_script CMakeFiles/cmTC_35cfe.dir/link.txt --verbose=1
/usr/bin/c++      -fsigned-char -W -Wall -Werror=return-type -Werror=non-virtual-dtor -Werror=address -Werror=sequence-point -Wformat -Werror=format-security   -Winit-self -Wpointer-arith   -Wuninitialized -Winit-self -Wno-narrowing -Wno-delete-non-virtual-dtor -Wno-comment -fdiagnostics-show-option -pthread -fomit-frame-pointer -ffunction-sections -fdata-sections  -mfpu=neon -mfp16-format=ieee -fvisibility=hidden -fvisibility-inlines-hidden -Wno-deprecated -Wno-missing-declarations -Wno-shadow -Wno-unused-parameter -Wno-unused-local-typedefs -Wno-sign-compare -Wno-sign-promo -Wno-undef -Wno-ignored-qualifiers -Wno-extra -Wno-unused-function -Wno-unused-const-variable -Wno-invalid-offsetof  -O3 -DNDEBUG    -Wl,--gc-sections  CMakeFiles/cmTC_35cfe.dir/src.cxx.o  -o cmTC_35cfe -rdynamic 
make[1]: Leaving directory '/home/pi/opencv/opencv-3.4.2/build/CMakeFiles/CMakeTmp'

===== END =====

Build output check failed:
    Regex: 'unrecognized .*option'
    Output line: 'cc1plus: warning: unrecognized command line option ‘-Wno-unused-private-field’'
Compilation failed:
    source file: '/home/pi/opencv/opencv-3.4.2/build/CMakeFiles/CMakeTmp/src.cxx'
    check option: ' -Wno-unused-private-field'
===== BUILD LOG =====
Change Dir: /home/pi/opencv/opencv-3.4.2/build/CMakeFiles/CMakeTmp

Run Build Command:"/usr/bin/make" "cmTC_af6d5/fast"
/usr/bin/make -f CMakeFiles/cmTC_af6d5.dir/build.make CMakeFiles/cmTC_af6d5.dir/build
make[1]: Entering directory '/home/pi/opencv/opencv-3.4.2/build/CMakeFiles/CMakeTmp'
Building CXX object CMakeFiles/cmTC_af6d5.dir/src.cxx.o
/usr/bin/c++     -fsigned-char -W -Wall -Werror=return-type -Werror=non-virtual-dtor -Werror=address -Werror=sequence-point -Wformat -Werror=format-security -Wmissing-declarations -Wundef -Winit-self -Wpointer-arith -Wshadow -Wsign-promo -Wuninitialized -Winit-self -Wno-narrowing -Wno-delete-non-virtual-dtor -Wno-comment -fdiagnostics-show-option -pthread -fomit-frame-pointer -ffunction-sections -fdata-sections  -mfpu=neon -mfp16-format=ieee -fvisibility=hidden -fvisibility-inlines-hidden -Wno-unused-function -Wno-deprecated-declarations -Wno-overloaded-virtual  -O3 -DNDEBUG -fPIE   -Wno-unused-private-field -o CMakeFiles/cmTC_af6d5.dir/src.cxx.o -c /home/pi/opencv/opencv-3.4.2/build/CMakeFiles/CMakeTmp/src.cxx
/home/pi/opencv/opencv-3.4.2/build/CMakeFiles/CMakeTmp/src.cxx:1:0: warning: ignoring #pragma   [-Wunknown-pragmas]
 #pragma
 
cc1plus: warning: unrecognized command line option ‘-Wno-unused-private-field’
Linking CXX executable cmTC_af6d5
/usr/bin/cmake -E cmake_link_script CMakeFiles/cmTC_af6d5.dir/link.txt --verbose=1
/usr/bin/c++      -fsigned-char -W -Wall -Werror=return-type -Werror=non-virtual-dtor -Werror=address -Werror=sequence-point -Wformat -Werror=format-security -Wmissing-declarations -Wundef -Winit-self -Wpointer-arith -Wshadow -Wsign-promo -Wuninitialized -Winit-self -Wno-narrowing -Wno-delete-non-virtual-dtor -Wno-comment -fdiagnostics-show-option -pthread -fomit-frame-pointer -ffunction-sections -fdata-sections  -mfpu=neon -mfp16-format=ieee -fvisibility=hidden -fvisibility-inlines-hidden -Wno-unused-function -Wno-deprecated-declarations -Wno-overloaded-virtual  -O3 -DNDEBUG    -Wl,--gc-sections  CMakeFiles/cmTC_af6d5.dir/src.cxx.o  -o cmTC_af6d5 -rdynamic 
make[1]: Leaving directory '/home/pi/opencv/opencv-3.4.2/build/CMakeFiles/CMakeTmp'

===== END =====

